INFO  23.12.2025 14:42:50  Trying to initialize repositories from: \n    C:\Users\dcorreia\Desktop\magnolia\.magnolia\apache-tomcat\webapps\magnoliaPublic\WEB-INF\bootstrap\public\n    C:\Users\dcorreia\Desktop\magnolia\.magnolia\apache-tomcat\webapps\magnoliaPublic\WEB-INF\bootstrap\common
INFO  23.12.2025 14:42:50  Repository [imaging] has been initialized.
INFO  23.12.2025 14:42:50  Repository [magnolia-mgnlSystem] has been initialized.
INFO  23.12.2025 14:42:50  Trying to import content from 1 files into repository [website]
INFO  23.12.2025 14:42:50  Repository [website] has been initialized.
INFO  23.12.2025 14:42:50  Repository [category] has been initialized.
INFO  23.12.2025 14:42:50  Repository [users] has been initialized.
INFO  23.12.2025 14:42:50  Repository [resources] has been initialized.
INFO  23.12.2025 14:42:50  Repository [config] has been initialized.
INFO  23.12.2025 14:42:50  Trying to import content from 1 files into repository [dam]
INFO  23.12.2025 14:42:50  Repository [dam] has been initialized.
INFO  23.12.2025 14:42:50  Repository [userroles] has been initialized.
INFO  23.12.2025 14:42:50  Repository [scripts] has been initialized.
INFO  23.12.2025 14:42:50  Repository [messages] has been initialized.
INFO  23.12.2025 14:42:50  Repository [tasks] has been initialized.
INFO  23.12.2025 14:42:50  Repository [keystore] has been initialized.
INFO  23.12.2025 14:42:50  Repository [magnolia-mgnlVersion] has been initialized.
INFO  23.12.2025 14:42:50  Repository [default] has been initialized.
INFO  23.12.2025 14:42:50  Repository [profiles] has been initialized.
INFO  23.12.2025 14:42:50  Repository [usergroups] has been initialized.
