23-Dec-2025 14:39:33.153 INFO [main] org.apache.catalina.startup.VersionLoggerListener.log Server version name:   Apache Tomcat/9.0.113
23-Dec-2025 14:39:33.157 INFO [main] org.apache.catalina.startup.VersionLoggerListener.log Server built:          Dec 2 2025 19:51:24 UTC
23-Dec-2025 14:39:33.157 INFO [main] org.apache.catalina.startup.VersionLoggerListener.log Server version number: 9.0.113.0
23-Dec-2025 14:39:33.157 INFO [main] org.apache.catalina.startup.VersionLoggerListener.log OS Name:               Windows 11
23-Dec-2025 14:39:33.157 INFO [main] org.apache.catalina.startup.VersionLoggerListener.log OS Version:            10.0
23-Dec-2025 14:39:33.157 INFO [main] org.apache.catalina.startup.VersionLoggerListener.log Architecture:          amd64
23-Dec-2025 14:39:33.157 INFO [main] org.apache.catalina.startup.VersionLoggerListener.log Java Home:             C:\Users\dcorreia\.jdks\corretto-21.0.7
23-Dec-2025 14:39:33.157 INFO [main] org.apache.catalina.startup.VersionLoggerListener.log JVM Version:           21.0.7+6-LTS
23-Dec-2025 14:39:33.157 INFO [main] org.apache.catalina.startup.VersionLoggerListener.log JVM Vendor:            Amazon.com Inc.
23-Dec-2025 14:39:33.160 INFO [main] org.apache.catalina.startup.VersionLoggerListener.log CATALINA_BASE:         C:\Users\dcorreia\Desktop\magnolia\.magnolia\apache-tomcat
23-Dec-2025 14:39:33.160 INFO [main] org.apache.catalina.startup.VersionLoggerListener.log CATALINA_HOME:         C:\Users\dcorreia\Desktop\magnolia\.magnolia\apache-tomcat
23-Dec-2025 14:39:33.161 INFO [main] org.apache.catalina.startup.VersionLoggerListener.log Command line argument: --add-opens=java.base/java.lang=ALL-UNNAMED
23-Dec-2025 14:39:33.161 INFO [main] org.apache.catalina.startup.VersionLoggerListener.log Command line argument: --add-opens=java.base/java.lang.invoke=ALL-UNNAMED
23-Dec-2025 14:39:33.170 INFO [main] org.apache.catalina.startup.VersionLoggerListener.log Command line argument: --add-opens=java.base/java.lang.reflect=ALL-UNNAMED
23-Dec-2025 14:39:33.170 INFO [main] org.apache.catalina.startup.VersionLoggerListener.log Command line argument: --add-opens=java.base/java.io=ALL-UNNAMED
23-Dec-2025 14:39:33.170 INFO [main] org.apache.catalina.startup.VersionLoggerListener.log Command line argument: --add-opens=java.base/java.util=ALL-UNNAMED
23-Dec-2025 14:39:33.170 INFO [main] org.apache.catalina.startup.VersionLoggerListener.log Command line argument: --add-opens=java.base/java.util.concurrent=ALL-UNNAMED
23-Dec-2025 14:39:33.170 INFO [main] org.apache.catalina.startup.VersionLoggerListener.log Command line argument: --add-opens=java.rmi/sun.rmi.transport=ALL-UNNAMED
23-Dec-2025 14:39:33.171 INFO [main] org.apache.catalina.startup.VersionLoggerListener.log Command line argument: -Djava.util.logging.config.file=C:\Users\dcorreia\Desktop\magnolia\.magnolia\apache-tomcat\conf\logging.properties
23-Dec-2025 14:39:33.171 INFO [main] org.apache.catalina.startup.VersionLoggerListener.log Command line argument: -Djava.util.logging.manager=org.apache.juli.ClassLoaderLogManager
23-Dec-2025 14:39:33.171 INFO [main] org.apache.catalina.startup.VersionLoggerListener.log Command line argument: -Djdk.tls.ephemeralDHKeySize=2048
23-Dec-2025 14:39:33.171 INFO [main] org.apache.catalina.startup.VersionLoggerListener.log Command line argument: -Djava.protocol.handler.pkgs=org.apache.catalina.webresources
23-Dec-2025 14:39:33.171 INFO [main] org.apache.catalina.startup.VersionLoggerListener.log Command line argument: -Dsun.io.useCanonCaches=false
23-Dec-2025 14:39:33.171 INFO [main] org.apache.catalina.startup.VersionLoggerListener.log Command line argument: -Dmagnolia.resources.dir=C:\Users\dcorreia\Desktop\magnolia\light-modules
23-Dec-2025 14:39:33.171 INFO [main] org.apache.catalina.startup.VersionLoggerListener.log Command line argument: -Xms64M
23-Dec-2025 14:39:33.171 INFO [main] org.apache.catalina.startup.VersionLoggerListener.log Command line argument: -Xmx2048M
23-Dec-2025 14:39:33.172 INFO [main] org.apache.catalina.startup.VersionLoggerListener.log Command line argument: -Djava.awt.headless=true
23-Dec-2025 14:39:33.172 INFO [main] org.apache.catalina.startup.VersionLoggerListener.log Command line argument: -Dignore.endorsed.dirs=
23-Dec-2025 14:39:33.172 INFO [main] org.apache.catalina.startup.VersionLoggerListener.log Command line argument: -Dcatalina.base=C:\Users\dcorreia\Desktop\magnolia\.magnolia\apache-tomcat
23-Dec-2025 14:39:33.172 INFO [main] org.apache.catalina.startup.VersionLoggerListener.log Command line argument: -Dcatalina.home=C:\Users\dcorreia\Desktop\magnolia\.magnolia\apache-tomcat
23-Dec-2025 14:39:33.172 INFO [main] org.apache.catalina.startup.VersionLoggerListener.log Command line argument: -Djava.io.tmpdir=C:\Users\dcorreia\Desktop\magnolia\.magnolia\apache-tomcat\temp
23-Dec-2025 14:39:33.182 INFO [main] org.apache.catalina.core.AprLifecycleListener.lifecycleEvent The Apache Tomcat Native library which allows using OpenSSL was not found on the java.library.path: [C:\Users\dcorreia\.jdks\corretto-21.0.7\bin;C:\windows\Sun\Java\bin;C:\windows\system32;C:\windows;C:\Users\dcorreia\Desktop\magnolia\node_modules\.bin;C:\Users\dcorreia\Desktop\node_modules\.bin;C:\Users\dcorreia\node_modules\.bin;C:\Users\node_modules\.bin;C:\node_modules\.bin;C:\ProgramData\nvm\v20.17.0\node_modules\npm\node_modules\@npmcli\run-script\lib\node-gyp-bin;C:\Python313\Scripts\;C:\Python313\;C:\Program Files\Amazon Corretto\jdk17.0.17_10\bin;C:\Program Files\Volta\;C:\windows\system32;C:\windows;C:\windows\System32\Wbem;C:\windows\System32\WindowsPowerShell\v1.0\;C:\windows\System32\OpenSSH\;c:\Users\dcorreia\AppData\Local\Programs\cursor\resources\app\bin;C:\ProgramData\chocolatey\bin;C:\Program Files (x86)\Yarn\bin\;C:\ProgramData\nvm;C:\nvm4w\nodejs;C:\Program Files\dotnet\;C:\Program Files\Microsoft SQL Server\150\Tools\Binn\;C:\Program Files\Microsoft SQL Server\Client SDK\ODBC\170\Tools\Binn\;C:\Program Files\Git\cmd;C:\Program Files\nodejs\;C:\Python313\Scripts\;C:\Python313\;C:\windows\system32;C:\windows;C:\windows\System32\Wbem;C:\windows\System32\WindowsPowerShell\v1.0\;C:\windows\System32\OpenSSH\;C:\Program Files\Git\cmd;C:\ProgramData\chocolatey\bin;C:\Program Files (x86)\Yarn\bin\;C:\Users\dcorreia\AppData\Local\Microsoft\WindowsApps;C:\Users\dcorreia\Maven-3.9.9\bin;C:\Users\dcorreia\bin;C:\Program Files\JetBrains\IntelliJ IDEA 2025.1.2\bin;C:\Users\dcorreia\AppData\Roaming\npm;C:\Users\dcorreia\AppData\Local\Yarn\bin;C:\Users\dcorreia\.jdks\corretto-17.0.16\bin;C:\Users\dcorreia\.jdks\corretto-11.0.27\bin;C:\Users\dcorreia\.jdks\corretto-21.0.7\bin;C:\Program Files\Git\bin;C:\Program Files\PostgreSQL\17\bin;C:\ProgramData\nvm;C:\nvm4w\nodejs;C:\Users\dcorreia\AppData\Local\Programs\Microsoft VS Code\bin;C:\Users\dcorreia\.dotnet\tools;C:\Users\dcorreia\AppData\Local\Programs\cursor\resources\app\bin;;.]
23-Dec-2025 14:39:33.489 INFO [main] org.apache.coyote.AbstractProtocol.init Initializing ProtocolHandler ["http-nio-8080"]
23-Dec-2025 14:39:33.510 INFO [main] org.apache.catalina.startup.Catalina.load Server initialization in [513] milliseconds
23-Dec-2025 14:39:33.556 INFO [main] org.apache.catalina.core.StandardService.startInternal Starting service [Catalina]
23-Dec-2025 14:39:33.559 INFO [main] org.apache.catalina.core.StandardEngine.startInternal Starting Servlet engine: [Apache Tomcat/9.0.113]
23-Dec-2025 14:39:33.569 INFO [main] org.apache.catalina.startup.HostConfig.deployDirectory Deploying web application directory [C:\Users\dcorreia\Desktop\magnolia\.magnolia\apache-tomcat\webapps\magnoliaAuthor]
23-Dec-2025 14:41:39.126 INFO [main] org.atmosphere.cpr.AtmosphereFramework.addAtmosphereHandler Installed AtmosphereHandler com.vaadin.server.communication.PushAtmosphereHandler mapped to context-path: /*
23-Dec-2025 14:41:39.126 INFO [main] org.atmosphere.cpr.AtmosphereFramework.addAtmosphereHandler Installed the following AtmosphereInterceptor mapped to AtmosphereHandler com.vaadin.server.communication.PushAtmosphereHandler
23-Dec-2025 14:41:39.273 INFO [main] org.atmosphere.cpr.AtmosphereFramework.autoConfigureService Atmosphere is using org.atmosphere.util.VoidAnnotationProcessor for processing annotation
23-Dec-2025 14:41:39.302 INFO [main] org.atmosphere.util.ForkJoinPool.<init> Using ForkJoinPool  java.util.concurrent.ForkJoinPool. Set the org.atmosphere.cpr.broadcaster.maxAsyncWriteThreads to -1 to fully use its power.
23-Dec-2025 14:41:39.331 INFO [main] org.atmosphere.cpr.AtmosphereFramework.initWebSocket Installed WebSocketProtocol org.atmosphere.websocket.protocol.SimpleHttpProtocol 
23-Dec-2025 14:41:39.381 INFO [main] org.atmosphere.cpr.AtmosphereFramework.configureAtmosphereInterceptor Installing Default AtmosphereInterceptors
23-Dec-2025 14:41:39.381 INFO [main] org.atmosphere.cpr.AtmosphereFramework.newAInterceptor 	org.atmosphere.interceptor.CorsInterceptor : CORS Interceptor Support
23-Dec-2025 14:41:39.386 INFO [main] org.atmosphere.cpr.AtmosphereFramework.newAInterceptor 	org.atmosphere.interceptor.CacheHeadersInterceptor : Default Response's Headers Interceptor
23-Dec-2025 14:41:39.390 INFO [main] org.atmosphere.cpr.AtmosphereFramework.newAInterceptor 	org.atmosphere.interceptor.PaddingAtmosphereInterceptor : Browser Padding Interceptor Support
23-Dec-2025 14:41:39.391 INFO [main] org.atmosphere.cpr.AtmosphereFramework.newAInterceptor 	org.atmosphere.interceptor.AndroidAtmosphereInterceptor : Android Interceptor Support
23-Dec-2025 14:41:39.393 INFO [main] org.atmosphere.cpr.AtmosphereFramework.newAInterceptor 	org.atmosphere.interceptor.HeartbeatInterceptor : Heartbeat Interceptor Support
23-Dec-2025 14:41:39.393 INFO [main] org.atmosphere.cpr.AtmosphereFramework.newAInterceptor 	org.atmosphere.interceptor.SSEAtmosphereInterceptor : SSE Interceptor Support
23-Dec-2025 14:41:39.393 INFO [main] org.atmosphere.cpr.AtmosphereFramework.newAInterceptor 	org.atmosphere.interceptor.JSONPAtmosphereInterceptor : JSONP Interceptor Support
23-Dec-2025 14:41:39.401 INFO [main] org.atmosphere.cpr.AtmosphereFramework.newAInterceptor 	org.atmosphere.interceptor.JavaScriptProtocol : Atmosphere JavaScript Protocol
23-Dec-2025 14:41:39.402 INFO [main] org.atmosphere.cpr.AtmosphereFramework.newAInterceptor 	org.atmosphere.interceptor.WebSocketMessageSuspendInterceptor : org.atmosphere.interceptor.WebSocketMessageSuspendInterceptor
23-Dec-2025 14:41:39.402 INFO [main] org.atmosphere.cpr.AtmosphereFramework.newAInterceptor 	org.atmosphere.interceptor.OnDisconnectInterceptor : Browser disconnection detection
23-Dec-2025 14:41:39.402 INFO [main] org.atmosphere.cpr.AtmosphereFramework.newAInterceptor 	org.atmosphere.interceptor.IdleResourceInterceptor : org.atmosphere.interceptor.IdleResourceInterceptor
23-Dec-2025 14:41:39.405 INFO [main] org.atmosphere.cpr.AtmosphereFramework.configureAtmosphereInterceptor Set org.atmosphere.cpr.AtmosphereInterceptor.disableDefaults to disable them.
23-Dec-2025 14:41:39.405 INFO [main] org.atmosphere.cpr.AtmosphereFramework.addInterceptorToAllWrappers Installed AtmosphereInterceptor CORS Interceptor Support with priority FIRST_BEFORE_DEFAULT 
23-Dec-2025 14:41:39.408 INFO [main] org.atmosphere.cpr.AtmosphereFramework.addInterceptorToAllWrappers Installed AtmosphereInterceptor Default Response's Headers Interceptor with priority AFTER_DEFAULT 
23-Dec-2025 14:41:39.413 INFO [main] org.atmosphere.cpr.AtmosphereFramework.addInterceptorToAllWrappers Installed AtmosphereInterceptor Browser Padding Interceptor Support with priority AFTER_DEFAULT 
23-Dec-2025 14:41:39.413 INFO [main] org.atmosphere.cpr.AtmosphereFramework.addInterceptorToAllWrappers Installed AtmosphereInterceptor Android Interceptor Support with priority AFTER_DEFAULT 
23-Dec-2025 14:41:39.413 INFO [main] org.atmosphere.interceptor.HeartbeatInterceptor.configure HeartbeatInterceptor configured with padding value 'X', client frequency 60 seconds and server frequency 0 seconds
23-Dec-2025 14:41:39.413 INFO [main] org.atmosphere.cpr.AtmosphereFramework.addInterceptorToAllWrappers Installed AtmosphereInterceptor Heartbeat Interceptor Support with priority AFTER_DEFAULT 
23-Dec-2025 14:41:39.413 INFO [main] org.atmosphere.cpr.AtmosphereFramework.addInterceptorToAllWrappers Installed AtmosphereInterceptor SSE Interceptor Support with priority AFTER_DEFAULT 
23-Dec-2025 14:41:39.413 INFO [main] org.atmosphere.cpr.AtmosphereFramework.addInterceptorToAllWrappers Installed AtmosphereInterceptor JSONP Interceptor Support with priority AFTER_DEFAULT 
23-Dec-2025 14:41:39.413 INFO [main] org.atmosphere.cpr.AtmosphereFramework.addInterceptorToAllWrappers Installed AtmosphereInterceptor Atmosphere JavaScript Protocol with priority AFTER_DEFAULT 
23-Dec-2025 14:41:39.413 INFO [main] org.atmosphere.cpr.AtmosphereFramework.addInterceptorToAllWrappers Installed AtmosphereInterceptor org.atmosphere.interceptor.WebSocketMessageSuspendInterceptor with priority AFTER_DEFAULT 
23-Dec-2025 14:41:39.413 INFO [main] org.atmosphere.cpr.AtmosphereFramework.addInterceptorToAllWrappers Installed AtmosphereInterceptor Browser disconnection detection with priority AFTER_DEFAULT 
23-Dec-2025 14:41:39.413 INFO [main] org.atmosphere.cpr.AtmosphereFramework.addInterceptorToAllWrappers Installed AtmosphereInterceptor org.atmosphere.interceptor.IdleResourceInterceptor with priority BEFORE_DEFAULT 
23-Dec-2025 14:41:39.422 INFO [main] org.atmosphere.cpr.AtmosphereFramework.info Using EndpointMapper class org.atmosphere.util.DefaultEndpointMapper
23-Dec-2025 14:41:39.422 INFO [main] org.atmosphere.cpr.AtmosphereFramework.info Using BroadcasterCache: org.atmosphere.cache.UUIDBroadcasterCache
23-Dec-2025 14:41:39.422 INFO [main] org.atmosphere.cpr.AtmosphereFramework.info Default Broadcaster Class: org.atmosphere.cpr.DefaultBroadcaster
23-Dec-2025 14:41:39.422 INFO [main] org.atmosphere.cpr.AtmosphereFramework.info Broadcaster Shared List Resources: false
23-Dec-2025 14:41:39.423 INFO [main] org.atmosphere.cpr.AtmosphereFramework.info Broadcaster Polling Wait Time 100
23-Dec-2025 14:41:39.423 INFO [main] org.atmosphere.cpr.AtmosphereFramework.info Shared ExecutorService supported: true
23-Dec-2025 14:41:39.423 INFO [main] org.atmosphere.cpr.AtmosphereFramework.info Messaging ExecutorService Pool Size unavailable - Not instance of ThreadPoolExecutor
23-Dec-2025 14:41:39.423 INFO [main] org.atmosphere.cpr.AtmosphereFramework.info Async I/O Thread Pool Size: 200
23-Dec-2025 14:41:39.424 INFO [main] org.atmosphere.cpr.AtmosphereFramework.info Using BroadcasterFactory: org.atmosphere.cpr.DefaultBroadcasterFactory
23-Dec-2025 14:41:39.424 INFO [main] org.atmosphere.cpr.AtmosphereFramework.info Using AtmosphereResurceFactory: org.atmosphere.cpr.DefaultAtmosphereResourceFactory
23-Dec-2025 14:41:39.425 INFO [main] org.atmosphere.cpr.AtmosphereFramework.info Using WebSocketProcessor: org.atmosphere.websocket.DefaultWebSocketProcessor
23-Dec-2025 14:41:39.434 INFO [main] org.atmosphere.cpr.AtmosphereFramework.info Invoke AtmosphereInterceptor on WebSocket message true
23-Dec-2025 14:41:39.435 INFO [main] org.atmosphere.cpr.AtmosphereFramework.info HttpSession supported: true
23-Dec-2025 14:41:39.436 INFO [main] org.atmosphere.cpr.AtmosphereFramework.info Atmosphere is using org.atmosphere.inject.InjectableObjectFactory for dependency injection and object creation
23-Dec-2025 14:41:39.436 INFO [main] org.atmosphere.cpr.AtmosphereFramework.info Atmosphere is using async support: org.atmosphere.container.Servlet30CometSupport running under container: Apache Tomcat/9.0.113 using javax.servlet/3.0
23-Dec-2025 14:41:39.437 INFO [main] org.atmosphere.cpr.AtmosphereFramework.info Atmosphere Framework 2.4.30.vaadin6 started.
23-Dec-2025 14:41:39.453 INFO [main] org.atmosphere.cpr.AtmosphereFramework.addInterceptorToAllWrappers Installed AtmosphereInterceptor  Track Message Size Interceptor using | with priority BEFORE_DEFAULT 
23-Dec-2025 14:41:41.443 INFO [main] org.atmosphere.cpr.AtmosphereFramework.addAtmosphereHandler Installed AtmosphereHandler com.vaadin.server.communication.PushAtmosphereHandler mapped to context-path: /*
23-Dec-2025 14:41:41.443 INFO [main] org.atmosphere.cpr.AtmosphereFramework.addAtmosphereHandler Installed the following AtmosphereInterceptor mapped to AtmosphereHandler com.vaadin.server.communication.PushAtmosphereHandler
23-Dec-2025 14:41:41.455 INFO [main] org.atmosphere.cpr.AtmosphereFramework.autoConfigureService Atmosphere is using org.atmosphere.util.VoidAnnotationProcessor for processing annotation
23-Dec-2025 14:41:41.463 INFO [main] org.atmosphere.util.ForkJoinPool.<init> Using ForkJoinPool  java.util.concurrent.ForkJoinPool. Set the org.atmosphere.cpr.broadcaster.maxAsyncWriteThreads to -1 to fully use its power.
23-Dec-2025 14:41:41.463 INFO [main] org.atmosphere.cpr.AtmosphereFramework.initWebSocket Installed WebSocketProtocol org.atmosphere.websocket.protocol.SimpleHttpProtocol 
23-Dec-2025 14:41:41.474 INFO [main] org.atmosphere.cpr.AtmosphereFramework.configureAtmosphereInterceptor Installing Default AtmosphereInterceptors
23-Dec-2025 14:41:41.474 INFO [main] org.atmosphere.cpr.AtmosphereFramework.newAInterceptor 	org.atmosphere.interceptor.CorsInterceptor : CORS Interceptor Support
23-Dec-2025 14:41:41.476 INFO [main] org.atmosphere.cpr.AtmosphereFramework.newAInterceptor 	org.atmosphere.interceptor.CacheHeadersInterceptor : Default Response's Headers Interceptor
23-Dec-2025 14:41:41.476 INFO [main] org.atmosphere.cpr.AtmosphereFramework.newAInterceptor 	org.atmosphere.interceptor.PaddingAtmosphereInterceptor : Browser Padding Interceptor Support
23-Dec-2025 14:41:41.476 INFO [main] org.atmosphere.cpr.AtmosphereFramework.newAInterceptor 	org.atmosphere.interceptor.AndroidAtmosphereInterceptor : Android Interceptor Support
23-Dec-2025 14:41:41.476 INFO [main] org.atmosphere.cpr.AtmosphereFramework.newAInterceptor 	org.atmosphere.interceptor.HeartbeatInterceptor : Heartbeat Interceptor Support
23-Dec-2025 14:41:41.476 INFO [main] org.atmosphere.cpr.AtmosphereFramework.newAInterceptor 	org.atmosphere.interceptor.SSEAtmosphereInterceptor : SSE Interceptor Support
23-Dec-2025 14:41:41.476 INFO [main] org.atmosphere.cpr.AtmosphereFramework.newAInterceptor 	org.atmosphere.interceptor.JSONPAtmosphereInterceptor : JSONP Interceptor Support
23-Dec-2025 14:41:41.476 INFO [main] org.atmosphere.cpr.AtmosphereFramework.newAInterceptor 	org.atmosphere.interceptor.JavaScriptProtocol : Atmosphere JavaScript Protocol
23-Dec-2025 14:41:41.479 INFO [main] org.atmosphere.cpr.AtmosphereFramework.newAInterceptor 	org.atmosphere.interceptor.WebSocketMessageSuspendInterceptor : org.atmosphere.interceptor.WebSocketMessageSuspendInterceptor
23-Dec-2025 14:41:41.479 INFO [main] org.atmosphere.cpr.AtmosphereFramework.newAInterceptor 	org.atmosphere.interceptor.OnDisconnectInterceptor : Browser disconnection detection
23-Dec-2025 14:41:41.479 INFO [main] org.atmosphere.cpr.AtmosphereFramework.newAInterceptor 	org.atmosphere.interceptor.IdleResourceInterceptor : org.atmosphere.interceptor.IdleResourceInterceptor
23-Dec-2025 14:41:41.481 INFO [main] org.atmosphere.cpr.AtmosphereFramework.configureAtmosphereInterceptor Set org.atmosphere.cpr.AtmosphereInterceptor.disableDefaults to disable them.
23-Dec-2025 14:41:41.481 INFO [main] org.atmosphere.cpr.AtmosphereFramework.addInterceptorToAllWrappers Installed AtmosphereInterceptor CORS Interceptor Support with priority FIRST_BEFORE_DEFAULT 
23-Dec-2025 14:41:41.481 INFO [main] org.atmosphere.cpr.AtmosphereFramework.addInterceptorToAllWrappers Installed AtmosphereInterceptor Default Response's Headers Interceptor with priority AFTER_DEFAULT 
23-Dec-2025 14:41:41.482 INFO [main] org.atmosphere.cpr.AtmosphereFramework.addInterceptorToAllWrappers Installed AtmosphereInterceptor Browser Padding Interceptor Support with priority AFTER_DEFAULT 
23-Dec-2025 14:41:41.482 INFO [main] org.atmosphere.cpr.AtmosphereFramework.addInterceptorToAllWrappers Installed AtmosphereInterceptor Android Interceptor Support with priority AFTER_DEFAULT 
23-Dec-2025 14:41:41.482 INFO [main] org.atmosphere.interceptor.HeartbeatInterceptor.configure HeartbeatInterceptor configured with padding value 'X', client frequency 60 seconds and server frequency 0 seconds
23-Dec-2025 14:41:41.482 INFO [main] org.atmosphere.cpr.AtmosphereFramework.addInterceptorToAllWrappers Installed AtmosphereInterceptor Heartbeat Interceptor Support with priority AFTER_DEFAULT 
23-Dec-2025 14:41:41.483 INFO [main] org.atmosphere.cpr.AtmosphereFramework.addInterceptorToAllWrappers Installed AtmosphereInterceptor SSE Interceptor Support with priority AFTER_DEFAULT 
23-Dec-2025 14:41:41.484 INFO [main] org.atmosphere.cpr.AtmosphereFramework.addInterceptorToAllWrappers Installed AtmosphereInterceptor JSONP Interceptor Support with priority AFTER_DEFAULT 
23-Dec-2025 14:41:41.484 INFO [main] org.atmosphere.cpr.AtmosphereFramework.addInterceptorToAllWrappers Installed AtmosphereInterceptor Atmosphere JavaScript Protocol with priority AFTER_DEFAULT 
23-Dec-2025 14:41:41.485 INFO [main] org.atmosphere.cpr.AtmosphereFramework.addInterceptorToAllWrappers Installed AtmosphereInterceptor org.atmosphere.interceptor.WebSocketMessageSuspendInterceptor with priority AFTER_DEFAULT 
23-Dec-2025 14:41:41.485 INFO [main] org.atmosphere.cpr.AtmosphereFramework.addInterceptorToAllWrappers Installed AtmosphereInterceptor Browser disconnection detection with priority AFTER_DEFAULT 
23-Dec-2025 14:41:41.485 INFO [main] org.atmosphere.cpr.AtmosphereFramework.addInterceptorToAllWrappers Installed AtmosphereInterceptor org.atmosphere.interceptor.IdleResourceInterceptor with priority BEFORE_DEFAULT 
23-Dec-2025 14:41:41.485 INFO [main] org.atmosphere.cpr.AtmosphereFramework.info Using EndpointMapper class org.atmosphere.util.DefaultEndpointMapper
23-Dec-2025 14:41:41.486 INFO [main] org.atmosphere.cpr.AtmosphereFramework.info Using BroadcasterCache: org.atmosphere.cache.UUIDBroadcasterCache
23-Dec-2025 14:41:41.486 INFO [main] org.atmosphere.cpr.AtmosphereFramework.info Default Broadcaster Class: org.atmosphere.cpr.DefaultBroadcaster
23-Dec-2025 14:41:41.487 INFO [main] org.atmosphere.cpr.AtmosphereFramework.info Broadcaster Shared List Resources: false
23-Dec-2025 14:41:41.487 INFO [main] org.atmosphere.cpr.AtmosphereFramework.info Broadcaster Polling Wait Time 100
23-Dec-2025 14:41:41.489 INFO [main] org.atmosphere.cpr.AtmosphereFramework.info Shared ExecutorService supported: true
23-Dec-2025 14:41:41.490 INFO [main] org.atmosphere.cpr.AtmosphereFramework.info Messaging ExecutorService Pool Size unavailable - Not instance of ThreadPoolExecutor
23-Dec-2025 14:41:41.490 INFO [main] org.atmosphere.cpr.AtmosphereFramework.info Async I/O Thread Pool Size: 200
23-Dec-2025 14:41:41.491 INFO [main] org.atmosphere.cpr.AtmosphereFramework.info Using BroadcasterFactory: org.atmosphere.cpr.DefaultBroadcasterFactory
23-Dec-2025 14:41:41.491 INFO [main] org.atmosphere.cpr.AtmosphereFramework.info Using AtmosphereResurceFactory: org.atmosphere.cpr.DefaultAtmosphereResourceFactory
23-Dec-2025 14:41:41.491 INFO [main] org.atmosphere.cpr.AtmosphereFramework.info Using WebSocketProcessor: org.atmosphere.websocket.DefaultWebSocketProcessor
23-Dec-2025 14:41:41.493 INFO [main] org.atmosphere.cpr.AtmosphereFramework.info Invoke AtmosphereInterceptor on WebSocket message true
23-Dec-2025 14:41:41.493 INFO [main] org.atmosphere.cpr.AtmosphereFramework.info HttpSession supported: true
23-Dec-2025 14:41:41.493 INFO [main] org.atmosphere.cpr.AtmosphereFramework.info Atmosphere is using org.atmosphere.inject.InjectableObjectFactory for dependency injection and object creation
23-Dec-2025 14:41:41.493 INFO [main] org.atmosphere.cpr.AtmosphereFramework.info Atmosphere is using async support: org.atmosphere.container.Servlet30CometSupport running under container: Apache Tomcat/9.0.113 using javax.servlet/3.0
23-Dec-2025 14:41:41.495 INFO [main] org.atmosphere.cpr.AtmosphereFramework.info Atmosphere Framework 2.4.30.vaadin6 started.
23-Dec-2025 14:41:41.495 INFO [main] org.atmosphere.cpr.AtmosphereFramework.addInterceptorToAllWrappers Installed AtmosphereInterceptor  Track Message Size Interceptor using | with priority BEFORE_DEFAULT 
23-Dec-2025 14:41:41.511 INFO [main] org.atmosphere.cpr.AtmosphereFramework.addAtmosphereHandler Installed AtmosphereHandler com.vaadin.server.communication.PushAtmosphereHandler mapped to context-path: /*
23-Dec-2025 14:41:41.512 INFO [main] org.atmosphere.cpr.AtmosphereFramework.addAtmosphereHandler Installed the following AtmosphereInterceptor mapped to AtmosphereHandler com.vaadin.server.communication.PushAtmosphereHandler
23-Dec-2025 14:41:41.522 INFO [main] org.atmosphere.cpr.AtmosphereFramework.autoConfigureService Atmosphere is using org.atmosphere.util.VoidAnnotationProcessor for processing annotation
23-Dec-2025 14:41:41.529 INFO [main] org.atmosphere.util.ForkJoinPool.<init> Using ForkJoinPool  java.util.concurrent.ForkJoinPool. Set the org.atmosphere.cpr.broadcaster.maxAsyncWriteThreads to -1 to fully use its power.
23-Dec-2025 14:41:41.531 INFO [main] org.atmosphere.cpr.AtmosphereFramework.initWebSocket Installed WebSocketProtocol org.atmosphere.websocket.protocol.SimpleHttpProtocol 
23-Dec-2025 14:41:41.538 INFO [main] org.atmosphere.cpr.AtmosphereFramework.configureAtmosphereInterceptor Installing Default AtmosphereInterceptors
23-Dec-2025 14:41:41.539 INFO [main] org.atmosphere.cpr.AtmosphereFramework.newAInterceptor 	org.atmosphere.interceptor.CorsInterceptor : CORS Interceptor Support
23-Dec-2025 14:41:41.539 INFO [main] org.atmosphere.cpr.AtmosphereFramework.newAInterceptor 	org.atmosphere.interceptor.CacheHeadersInterceptor : Default Response's Headers Interceptor
23-Dec-2025 14:41:41.541 INFO [main] org.atmosphere.cpr.AtmosphereFramework.newAInterceptor 	org.atmosphere.interceptor.PaddingAtmosphereInterceptor : Browser Padding Interceptor Support
23-Dec-2025 14:41:41.541 INFO [main] org.atmosphere.cpr.AtmosphereFramework.newAInterceptor 	org.atmosphere.interceptor.AndroidAtmosphereInterceptor : Android Interceptor Support
23-Dec-2025 14:41:41.541 INFO [main] org.atmosphere.cpr.AtmosphereFramework.newAInterceptor 	org.atmosphere.interceptor.HeartbeatInterceptor : Heartbeat Interceptor Support
23-Dec-2025 14:41:41.542 INFO [main] org.atmosphere.cpr.AtmosphereFramework.newAInterceptor 	org.atmosphere.interceptor.SSEAtmosphereInterceptor : SSE Interceptor Support
23-Dec-2025 14:41:41.542 INFO [main] org.atmosphere.cpr.AtmosphereFramework.newAInterceptor 	org.atmosphere.interceptor.JSONPAtmosphereInterceptor : JSONP Interceptor Support
23-Dec-2025 14:41:41.542 INFO [main] org.atmosphere.cpr.AtmosphereFramework.newAInterceptor 	org.atmosphere.interceptor.JavaScriptProtocol : Atmosphere JavaScript Protocol
23-Dec-2025 14:41:41.542 INFO [main] org.atmosphere.cpr.AtmosphereFramework.newAInterceptor 	org.atmosphere.interceptor.WebSocketMessageSuspendInterceptor : org.atmosphere.interceptor.WebSocketMessageSuspendInterceptor
23-Dec-2025 14:41:41.543 INFO [main] org.atmosphere.cpr.AtmosphereFramework.newAInterceptor 	org.atmosphere.interceptor.OnDisconnectInterceptor : Browser disconnection detection
23-Dec-2025 14:41:41.543 INFO [main] org.atmosphere.cpr.AtmosphereFramework.newAInterceptor 	org.atmosphere.interceptor.IdleResourceInterceptor : org.atmosphere.interceptor.IdleResourceInterceptor
23-Dec-2025 14:41:41.543 INFO [main] org.atmosphere.cpr.AtmosphereFramework.configureAtmosphereInterceptor Set org.atmosphere.cpr.AtmosphereInterceptor.disableDefaults to disable them.
23-Dec-2025 14:41:41.543 INFO [main] org.atmosphere.cpr.AtmosphereFramework.addInterceptorToAllWrappers Installed AtmosphereInterceptor CORS Interceptor Support with priority FIRST_BEFORE_DEFAULT 
23-Dec-2025 14:41:41.544 INFO [main] org.atmosphere.cpr.AtmosphereFramework.addInterceptorToAllWrappers Installed AtmosphereInterceptor Default Response's Headers Interceptor with priority AFTER_DEFAULT 
23-Dec-2025 14:41:41.544 INFO [main] org.atmosphere.cpr.AtmosphereFramework.addInterceptorToAllWrappers Installed AtmosphereInterceptor Browser Padding Interceptor Support with priority AFTER_DEFAULT 
23-Dec-2025 14:41:41.544 INFO [main] org.atmosphere.cpr.AtmosphereFramework.addInterceptorToAllWrappers Installed AtmosphereInterceptor Android Interceptor Support with priority AFTER_DEFAULT 
23-Dec-2025 14:41:41.544 INFO [main] org.atmosphere.interceptor.HeartbeatInterceptor.configure HeartbeatInterceptor configured with padding value 'X', client frequency 60 seconds and server frequency 0 seconds
23-Dec-2025 14:41:41.544 INFO [main] org.atmosphere.cpr.AtmosphereFramework.addInterceptorToAllWrappers Installed AtmosphereInterceptor Heartbeat Interceptor Support with priority AFTER_DEFAULT 
23-Dec-2025 14:41:41.544 INFO [main] org.atmosphere.cpr.AtmosphereFramework.addInterceptorToAllWrappers Installed AtmosphereInterceptor SSE Interceptor Support with priority AFTER_DEFAULT 
23-Dec-2025 14:41:41.545 INFO [main] org.atmosphere.cpr.AtmosphereFramework.addInterceptorToAllWrappers Installed AtmosphereInterceptor JSONP Interceptor Support with priority AFTER_DEFAULT 
23-Dec-2025 14:41:41.545 INFO [main] org.atmosphere.cpr.AtmosphereFramework.addInterceptorToAllWrappers Installed AtmosphereInterceptor Atmosphere JavaScript Protocol with priority AFTER_DEFAULT 
23-Dec-2025 14:41:41.545 INFO [main] org.atmosphere.cpr.AtmosphereFramework.addInterceptorToAllWrappers Installed AtmosphereInterceptor org.atmosphere.interceptor.WebSocketMessageSuspendInterceptor with priority AFTER_DEFAULT 
23-Dec-2025 14:41:41.546 INFO [main] org.atmosphere.cpr.AtmosphereFramework.addInterceptorToAllWrappers Installed AtmosphereInterceptor Browser disconnection detection with priority AFTER_DEFAULT 
23-Dec-2025 14:41:41.546 INFO [main] org.atmosphere.cpr.AtmosphereFramework.addInterceptorToAllWrappers Installed AtmosphereInterceptor org.atmosphere.interceptor.IdleResourceInterceptor with priority BEFORE_DEFAULT 
23-Dec-2025 14:41:41.546 INFO [main] org.atmosphere.cpr.AtmosphereFramework.info Using EndpointMapper class org.atmosphere.util.DefaultEndpointMapper
23-Dec-2025 14:41:41.547 INFO [main] org.atmosphere.cpr.AtmosphereFramework.info Using BroadcasterCache: org.atmosphere.cache.UUIDBroadcasterCache
23-Dec-2025 14:41:41.547 INFO [main] org.atmosphere.cpr.AtmosphereFramework.info Default Broadcaster Class: org.atmosphere.cpr.DefaultBroadcaster
23-Dec-2025 14:41:41.547 INFO [main] org.atmosphere.cpr.AtmosphereFramework.info Broadcaster Shared List Resources: false
23-Dec-2025 14:41:41.547 INFO [main] org.atmosphere.cpr.AtmosphereFramework.info Broadcaster Polling Wait Time 100
23-Dec-2025 14:41:41.548 INFO [main] org.atmosphere.cpr.AtmosphereFramework.info Shared ExecutorService supported: true
23-Dec-2025 14:41:41.548 INFO [main] org.atmosphere.cpr.AtmosphereFramework.info Messaging ExecutorService Pool Size unavailable - Not instance of ThreadPoolExecutor
23-Dec-2025 14:41:41.548 INFO [main] org.atmosphere.cpr.AtmosphereFramework.info Async I/O Thread Pool Size: 200
23-Dec-2025 14:41:41.548 INFO [main] org.atmosphere.cpr.AtmosphereFramework.info Using BroadcasterFactory: org.atmosphere.cpr.DefaultBroadcasterFactory
23-Dec-2025 14:41:41.548 INFO [main] org.atmosphere.cpr.AtmosphereFramework.info Using AtmosphereResurceFactory: org.atmosphere.cpr.DefaultAtmosphereResourceFactory
23-Dec-2025 14:41:41.550 INFO [main] org.atmosphere.cpr.AtmosphereFramework.info Using WebSocketProcessor: org.atmosphere.websocket.DefaultWebSocketProcessor
23-Dec-2025 14:41:41.550 INFO [main] org.atmosphere.cpr.AtmosphereFramework.info Invoke AtmosphereInterceptor on WebSocket message true
23-Dec-2025 14:41:41.550 INFO [main] org.atmosphere.cpr.AtmosphereFramework.info HttpSession supported: true
23-Dec-2025 14:41:41.550 INFO [main] org.atmosphere.cpr.AtmosphereFramework.info Atmosphere is using org.atmosphere.inject.InjectableObjectFactory for dependency injection and object creation
23-Dec-2025 14:41:41.550 INFO [main] org.atmosphere.cpr.AtmosphereFramework.info Atmosphere is using async support: org.atmosphere.container.Servlet30CometSupport running under container: Apache Tomcat/9.0.113 using javax.servlet/3.0
23-Dec-2025 14:41:41.550 INFO [main] org.atmosphere.cpr.AtmosphereFramework.info Atmosphere Framework 2.4.30.vaadin6 started.
23-Dec-2025 14:41:41.551 INFO [main] org.atmosphere.cpr.AtmosphereFramework.addInterceptorToAllWrappers Installed AtmosphereInterceptor  Track Message Size Interceptor using | with priority BEFORE_DEFAULT 
23-Dec-2025 14:41:41.651 INFO [main] org.apache.catalina.startup.HostConfig.deployDirectory Deployment of web application directory [C:\Users\dcorreia\Desktop\magnolia\.magnolia\apache-tomcat\webapps\magnoliaAuthor] has finished in [128,077] ms
23-Dec-2025 14:41:41.652 INFO [main] org.apache.catalina.startup.HostConfig.deployDirectory Deploying web application directory [C:\Users\dcorreia\Desktop\magnolia\.magnolia\apache-tomcat\webapps\magnoliaPublic]
23-Dec-2025 14:43:01.863 INFO [main] org.atmosphere.cpr.AtmosphereFramework.addAtmosphereHandler Installed AtmosphereHandler com.vaadin.server.communication.PushAtmosphereHandler mapped to context-path: /*
23-Dec-2025 14:43:01.864 INFO [main] org.atmosphere.cpr.AtmosphereFramework.addAtmosphereHandler Installed the following AtmosphereInterceptor mapped to AtmosphereHandler com.vaadin.server.communication.PushAtmosphereHandler
23-Dec-2025 14:43:01.921 INFO [main] org.atmosphere.cpr.AtmosphereFramework.autoConfigureService Atmosphere is using org.atmosphere.util.VoidAnnotationProcessor for processing annotation
23-Dec-2025 14:43:01.936 INFO [main] org.atmosphere.util.ForkJoinPool.<init> Using ForkJoinPool  java.util.concurrent.ForkJoinPool. Set the org.atmosphere.cpr.broadcaster.maxAsyncWriteThreads to -1 to fully use its power.
23-Dec-2025 14:43:01.946 INFO [main] org.atmosphere.cpr.AtmosphereFramework.initWebSocket Installed WebSocketProtocol org.atmosphere.websocket.protocol.SimpleHttpProtocol 
23-Dec-2025 14:43:01.964 INFO [main] org.atmosphere.cpr.AtmosphereFramework.configureAtmosphereInterceptor Installing Default AtmosphereInterceptors
23-Dec-2025 14:43:01.966 INFO [main] org.atmosphere.cpr.AtmosphereFramework.newAInterceptor 	org.atmosphere.interceptor.CorsInterceptor : CORS Interceptor Support
23-Dec-2025 14:43:01.966 INFO [main] org.atmosphere.cpr.AtmosphereFramework.newAInterceptor 	org.atmosphere.interceptor.CacheHeadersInterceptor : Default Response's Headers Interceptor
23-Dec-2025 14:43:01.968 INFO [main] org.atmosphere.cpr.AtmosphereFramework.newAInterceptor 	org.atmosphere.interceptor.PaddingAtmosphereInterceptor : Browser Padding Interceptor Support
23-Dec-2025 14:43:01.968 INFO [main] org.atmosphere.cpr.AtmosphereFramework.newAInterceptor 	org.atmosphere.interceptor.AndroidAtmosphereInterceptor : Android Interceptor Support
23-Dec-2025 14:43:01.970 INFO [main] org.atmosphere.cpr.AtmosphereFramework.newAInterceptor 	org.atmosphere.interceptor.HeartbeatInterceptor : Heartbeat Interceptor Support
23-Dec-2025 14:43:01.970 INFO [main] org.atmosphere.cpr.AtmosphereFramework.newAInterceptor 	org.atmosphere.interceptor.SSEAtmosphereInterceptor : SSE Interceptor Support
23-Dec-2025 14:43:01.971 INFO [main] org.atmosphere.cpr.AtmosphereFramework.newAInterceptor 	org.atmosphere.interceptor.JSONPAtmosphereInterceptor : JSONP Interceptor Support
23-Dec-2025 14:43:01.973 INFO [main] org.atmosphere.cpr.AtmosphereFramework.newAInterceptor 	org.atmosphere.interceptor.JavaScriptProtocol : Atmosphere JavaScript Protocol
23-Dec-2025 14:43:01.974 INFO [main] org.atmosphere.cpr.AtmosphereFramework.newAInterceptor 	org.atmosphere.interceptor.WebSocketMessageSuspendInterceptor : org.atmosphere.interceptor.WebSocketMessageSuspendInterceptor
23-Dec-2025 14:43:01.974 INFO [main] org.atmosphere.cpr.AtmosphereFramework.newAInterceptor 	org.atmosphere.interceptor.OnDisconnectInterceptor : Browser disconnection detection
23-Dec-2025 14:43:01.974 INFO [main] org.atmosphere.cpr.AtmosphereFramework.newAInterceptor 	org.atmosphere.interceptor.IdleResourceInterceptor : org.atmosphere.interceptor.IdleResourceInterceptor
23-Dec-2025 14:43:01.974 INFO [main] org.atmosphere.cpr.AtmosphereFramework.configureAtmosphereInterceptor Set org.atmosphere.cpr.AtmosphereInterceptor.disableDefaults to disable them.
23-Dec-2025 14:43:01.974 INFO [main] org.atmosphere.cpr.AtmosphereFramework.addInterceptorToAllWrappers Installed AtmosphereInterceptor CORS Interceptor Support with priority FIRST_BEFORE_DEFAULT 
23-Dec-2025 14:43:01.976 INFO [main] org.atmosphere.cpr.AtmosphereFramework.addInterceptorToAllWrappers Installed AtmosphereInterceptor Default Response's Headers Interceptor with priority AFTER_DEFAULT 
23-Dec-2025 14:43:01.977 INFO [main] org.atmosphere.cpr.AtmosphereFramework.addInterceptorToAllWrappers Installed AtmosphereInterceptor Browser Padding Interceptor Support with priority AFTER_DEFAULT 
23-Dec-2025 14:43:01.977 INFO [main] org.atmosphere.cpr.AtmosphereFramework.addInterceptorToAllWrappers Installed AtmosphereInterceptor Android Interceptor Support with priority AFTER_DEFAULT 
23-Dec-2025 14:43:01.977 INFO [main] org.atmosphere.interceptor.HeartbeatInterceptor.configure HeartbeatInterceptor configured with padding value 'X', client frequency 60 seconds and server frequency 0 seconds
23-Dec-2025 14:43:01.977 INFO [main] org.atmosphere.cpr.AtmosphereFramework.addInterceptorToAllWrappers Installed AtmosphereInterceptor Heartbeat Interceptor Support with priority AFTER_DEFAULT 
23-Dec-2025 14:43:01.977 INFO [main] org.atmosphere.cpr.AtmosphereFramework.addInterceptorToAllWrappers Installed AtmosphereInterceptor SSE Interceptor Support with priority AFTER_DEFAULT 
23-Dec-2025 14:43:01.977 INFO [main] org.atmosphere.cpr.AtmosphereFramework.addInterceptorToAllWrappers Installed AtmosphereInterceptor JSONP Interceptor Support with priority AFTER_DEFAULT 
23-Dec-2025 14:43:01.977 INFO [main] org.atmosphere.cpr.AtmosphereFramework.addInterceptorToAllWrappers Installed AtmosphereInterceptor Atmosphere JavaScript Protocol with priority AFTER_DEFAULT 
23-Dec-2025 14:43:01.977 INFO [main] org.atmosphere.cpr.AtmosphereFramework.addInterceptorToAllWrappers Installed AtmosphereInterceptor org.atmosphere.interceptor.WebSocketMessageSuspendInterceptor with priority AFTER_DEFAULT 
23-Dec-2025 14:43:01.977 INFO [main] org.atmosphere.cpr.AtmosphereFramework.addInterceptorToAllWrappers Installed AtmosphereInterceptor Browser disconnection detection with priority AFTER_DEFAULT 
23-Dec-2025 14:43:01.977 INFO [main] org.atmosphere.cpr.AtmosphereFramework.addInterceptorToAllWrappers Installed AtmosphereInterceptor org.atmosphere.interceptor.IdleResourceInterceptor with priority BEFORE_DEFAULT 
23-Dec-2025 14:43:01.977 INFO [main] org.atmosphere.cpr.AtmosphereFramework.info Using EndpointMapper class org.atmosphere.util.DefaultEndpointMapper
23-Dec-2025 14:43:01.978 INFO [main] org.atmosphere.cpr.AtmosphereFramework.info Using BroadcasterCache: org.atmosphere.cache.UUIDBroadcasterCache
23-Dec-2025 14:43:01.978 INFO [main] org.atmosphere.cpr.AtmosphereFramework.info Default Broadcaster Class: org.atmosphere.cpr.DefaultBroadcaster
23-Dec-2025 14:43:01.978 INFO [main] org.atmosphere.cpr.AtmosphereFramework.info Broadcaster Shared List Resources: false
23-Dec-2025 14:43:01.978 INFO [main] org.atmosphere.cpr.AtmosphereFramework.info Broadcaster Polling Wait Time 100
23-Dec-2025 14:43:01.978 INFO [main] org.atmosphere.cpr.AtmosphereFramework.info Shared ExecutorService supported: true
23-Dec-2025 14:43:01.978 INFO [main] org.atmosphere.cpr.AtmosphereFramework.info Messaging ExecutorService Pool Size unavailable - Not instance of ThreadPoolExecutor
23-Dec-2025 14:43:01.979 INFO [main] org.atmosphere.cpr.AtmosphereFramework.info Async I/O Thread Pool Size: 200
23-Dec-2025 14:43:01.979 INFO [main] org.atmosphere.cpr.AtmosphereFramework.info Using BroadcasterFactory: org.atmosphere.cpr.DefaultBroadcasterFactory
23-Dec-2025 14:43:01.979 INFO [main] org.atmosphere.cpr.AtmosphereFramework.info Using AtmosphereResurceFactory: org.atmosphere.cpr.DefaultAtmosphereResourceFactory
23-Dec-2025 14:43:01.979 INFO [main] org.atmosphere.cpr.AtmosphereFramework.info Using WebSocketProcessor: org.atmosphere.websocket.DefaultWebSocketProcessor
23-Dec-2025 14:43:01.985 INFO [main] org.atmosphere.cpr.AtmosphereFramework.info Invoke AtmosphereInterceptor on WebSocket message true
23-Dec-2025 14:43:01.985 INFO [main] org.atmosphere.cpr.AtmosphereFramework.info HttpSession supported: true
23-Dec-2025 14:43:01.985 INFO [main] org.atmosphere.cpr.AtmosphereFramework.info Atmosphere is using org.atmosphere.inject.InjectableObjectFactory for dependency injection and object creation
23-Dec-2025 14:43:01.985 INFO [main] org.atmosphere.cpr.AtmosphereFramework.info Atmosphere is using async support: org.atmosphere.container.Servlet30CometSupport running under container: Apache Tomcat/9.0.113 using javax.servlet/3.0
23-Dec-2025 14:43:01.985 INFO [main] org.atmosphere.cpr.AtmosphereFramework.info Atmosphere Framework 2.4.30.vaadin6 started.
23-Dec-2025 14:43:01.991 INFO [main] org.atmosphere.cpr.AtmosphereFramework.addInterceptorToAllWrappers Installed AtmosphereInterceptor  Track Message Size Interceptor using | with priority BEFORE_DEFAULT 
23-Dec-2025 14:43:02.646 INFO [main] org.atmosphere.cpr.AtmosphereFramework.addAtmosphereHandler Installed AtmosphereHandler com.vaadin.server.communication.PushAtmosphereHandler mapped to context-path: /*
23-Dec-2025 14:43:02.647 INFO [main] org.atmosphere.cpr.AtmosphereFramework.addAtmosphereHandler Installed the following AtmosphereInterceptor mapped to AtmosphereHandler com.vaadin.server.communication.PushAtmosphereHandler
23-Dec-2025 14:43:02.653 INFO [main] org.atmosphere.cpr.AtmosphereFramework.autoConfigureService Atmosphere is using org.atmosphere.util.VoidAnnotationProcessor for processing annotation
23-Dec-2025 14:43:02.658 INFO [main] org.atmosphere.util.ForkJoinPool.<init> Using ForkJoinPool  java.util.concurrent.ForkJoinPool. Set the org.atmosphere.cpr.broadcaster.maxAsyncWriteThreads to -1 to fully use its power.
23-Dec-2025 14:43:02.659 INFO [main] org.atmosphere.cpr.AtmosphereFramework.initWebSocket Installed WebSocketProtocol org.atmosphere.websocket.protocol.SimpleHttpProtocol 
23-Dec-2025 14:43:02.664 INFO [main] org.atmosphere.cpr.AtmosphereFramework.configureAtmosphereInterceptor Installing Default AtmosphereInterceptors
23-Dec-2025 14:43:02.664 INFO [main] org.atmosphere.cpr.AtmosphereFramework.newAInterceptor 	org.atmosphere.interceptor.CorsInterceptor : CORS Interceptor Support
23-Dec-2025 14:43:02.664 INFO [main] org.atmosphere.cpr.AtmosphereFramework.newAInterceptor 	org.atmosphere.interceptor.CacheHeadersInterceptor : Default Response's Headers Interceptor
23-Dec-2025 14:43:02.665 INFO [main] org.atmosphere.cpr.AtmosphereFramework.newAInterceptor 	org.atmosphere.interceptor.PaddingAtmosphereInterceptor : Browser Padding Interceptor Support
23-Dec-2025 14:43:02.665 INFO [main] org.atmosphere.cpr.AtmosphereFramework.newAInterceptor 	org.atmosphere.interceptor.AndroidAtmosphereInterceptor : Android Interceptor Support
23-Dec-2025 14:43:02.665 INFO [main] org.atmosphere.cpr.AtmosphereFramework.newAInterceptor 	org.atmosphere.interceptor.HeartbeatInterceptor : Heartbeat Interceptor Support
23-Dec-2025 14:43:02.666 INFO [main] org.atmosphere.cpr.AtmosphereFramework.newAInterceptor 	org.atmosphere.interceptor.SSEAtmosphereInterceptor : SSE Interceptor Support
23-Dec-2025 14:43:02.666 INFO [main] org.atmosphere.cpr.AtmosphereFramework.newAInterceptor 	org.atmosphere.interceptor.JSONPAtmosphereInterceptor : JSONP Interceptor Support
23-Dec-2025 14:43:02.666 INFO [main] org.atmosphere.cpr.AtmosphereFramework.newAInterceptor 	org.atmosphere.interceptor.JavaScriptProtocol : Atmosphere JavaScript Protocol
23-Dec-2025 14:43:02.667 INFO [main] org.atmosphere.cpr.AtmosphereFramework.newAInterceptor 	org.atmosphere.interceptor.WebSocketMessageSuspendInterceptor : org.atmosphere.interceptor.WebSocketMessageSuspendInterceptor
23-Dec-2025 14:43:02.667 INFO [main] org.atmosphere.cpr.AtmosphereFramework.newAInterceptor 	org.atmosphere.interceptor.OnDisconnectInterceptor : Browser disconnection detection
23-Dec-2025 14:43:02.667 INFO [main] org.atmosphere.cpr.AtmosphereFramework.newAInterceptor 	org.atmosphere.interceptor.IdleResourceInterceptor : org.atmosphere.interceptor.IdleResourceInterceptor
23-Dec-2025 14:43:02.667 INFO [main] org.atmosphere.cpr.AtmosphereFramework.configureAtmosphereInterceptor Set org.atmosphere.cpr.AtmosphereInterceptor.disableDefaults to disable them.
23-Dec-2025 14:43:02.668 INFO [main] org.atmosphere.cpr.AtmosphereFramework.addInterceptorToAllWrappers Installed AtmosphereInterceptor CORS Interceptor Support with priority FIRST_BEFORE_DEFAULT 
23-Dec-2025 14:43:02.668 INFO [main] org.atmosphere.cpr.AtmosphereFramework.addInterceptorToAllWrappers Installed AtmosphereInterceptor Default Response's Headers Interceptor with priority AFTER_DEFAULT 
23-Dec-2025 14:43:02.668 INFO [main] org.atmosphere.cpr.AtmosphereFramework.addInterceptorToAllWrappers Installed AtmosphereInterceptor Browser Padding Interceptor Support with priority AFTER_DEFAULT 
23-Dec-2025 14:43:02.668 INFO [main] org.atmosphere.cpr.AtmosphereFramework.addInterceptorToAllWrappers Installed AtmosphereInterceptor Android Interceptor Support with priority AFTER_DEFAULT 
23-Dec-2025 14:43:02.669 INFO [main] org.atmosphere.interceptor.HeartbeatInterceptor.configure HeartbeatInterceptor configured with padding value 'X', client frequency 60 seconds and server frequency 0 seconds
23-Dec-2025 14:43:02.669 INFO [main] org.atmosphere.cpr.AtmosphereFramework.addInterceptorToAllWrappers Installed AtmosphereInterceptor Heartbeat Interceptor Support with priority AFTER_DEFAULT 
23-Dec-2025 14:43:02.669 INFO [main] org.atmosphere.cpr.AtmosphereFramework.addInterceptorToAllWrappers Installed AtmosphereInterceptor SSE Interceptor Support with priority AFTER_DEFAULT 
23-Dec-2025 14:43:02.670 INFO [main] org.atmosphere.cpr.AtmosphereFramework.addInterceptorToAllWrappers Installed AtmosphereInterceptor JSONP Interceptor Support with priority AFTER_DEFAULT 
23-Dec-2025 14:43:02.670 INFO [main] org.atmosphere.cpr.AtmosphereFramework.addInterceptorToAllWrappers Installed AtmosphereInterceptor Atmosphere JavaScript Protocol with priority AFTER_DEFAULT 
23-Dec-2025 14:43:02.670 INFO [main] org.atmosphere.cpr.AtmosphereFramework.addInterceptorToAllWrappers Installed AtmosphereInterceptor org.atmosphere.interceptor.WebSocketMessageSuspendInterceptor with priority AFTER_DEFAULT 
23-Dec-2025 14:43:02.670 INFO [main] org.atmosphere.cpr.AtmosphereFramework.addInterceptorToAllWrappers Installed AtmosphereInterceptor Browser disconnection detection with priority AFTER_DEFAULT 
23-Dec-2025 14:43:02.671 INFO [main] org.atmosphere.cpr.AtmosphereFramework.addInterceptorToAllWrappers Installed AtmosphereInterceptor org.atmosphere.interceptor.IdleResourceInterceptor with priority BEFORE_DEFAULT 
23-Dec-2025 14:43:02.671 INFO [main] org.atmosphere.cpr.AtmosphereFramework.info Using EndpointMapper class org.atmosphere.util.DefaultEndpointMapper
23-Dec-2025 14:43:02.671 INFO [main] org.atmosphere.cpr.AtmosphereFramework.info Using BroadcasterCache: org.atmosphere.cache.UUIDBroadcasterCache
23-Dec-2025 14:43:02.671 INFO [main] org.atmosphere.cpr.AtmosphereFramework.info Default Broadcaster Class: org.atmosphere.cpr.DefaultBroadcaster
23-Dec-2025 14:43:02.671 INFO [main] org.atmosphere.cpr.AtmosphereFramework.info Broadcaster Shared List Resources: false
23-Dec-2025 14:43:02.672 INFO [main] org.atmosphere.cpr.AtmosphereFramework.info Broadcaster Polling Wait Time 100
23-Dec-2025 14:43:02.672 INFO [main] org.atmosphere.cpr.AtmosphereFramework.info Shared ExecutorService supported: true
23-Dec-2025 14:43:02.672 INFO [main] org.atmosphere.cpr.AtmosphereFramework.info Messaging ExecutorService Pool Size unavailable - Not instance of ThreadPoolExecutor
23-Dec-2025 14:43:02.672 INFO [main] org.atmosphere.cpr.AtmosphereFramework.info Async I/O Thread Pool Size: 200
23-Dec-2025 14:43:02.672 INFO [main] org.atmosphere.cpr.AtmosphereFramework.info Using BroadcasterFactory: org.atmosphere.cpr.DefaultBroadcasterFactory
23-Dec-2025 14:43:02.673 INFO [main] org.atmosphere.cpr.AtmosphereFramework.info Using AtmosphereResurceFactory: org.atmosphere.cpr.DefaultAtmosphereResourceFactory
23-Dec-2025 14:43:02.673 INFO [main] org.atmosphere.cpr.AtmosphereFramework.info Using WebSocketProcessor: org.atmosphere.websocket.DefaultWebSocketProcessor
23-Dec-2025 14:43:02.673 INFO [main] org.atmosphere.cpr.AtmosphereFramework.info Invoke AtmosphereInterceptor on WebSocket message true
23-Dec-2025 14:43:02.673 INFO [main] org.atmosphere.cpr.AtmosphereFramework.info HttpSession supported: true
23-Dec-2025 14:43:02.673 INFO [main] org.atmosphere.cpr.AtmosphereFramework.info Atmosphere is using org.atmosphere.inject.InjectableObjectFactory for dependency injection and object creation
23-Dec-2025 14:43:02.673 INFO [main] org.atmosphere.cpr.AtmosphereFramework.info Atmosphere is using async support: org.atmosphere.container.Servlet30CometSupport running under container: Apache Tomcat/9.0.113 using javax.servlet/3.0
23-Dec-2025 14:43:02.673 INFO [main] org.atmosphere.cpr.AtmosphereFramework.info Atmosphere Framework 2.4.30.vaadin6 started.
23-Dec-2025 14:43:02.673 INFO [main] org.atmosphere.cpr.AtmosphereFramework.addInterceptorToAllWrappers Installed AtmosphereInterceptor  Track Message Size Interceptor using | with priority BEFORE_DEFAULT 
23-Dec-2025 14:43:02.681 INFO [main] org.atmosphere.cpr.AtmosphereFramework.addAtmosphereHandler Installed AtmosphereHandler com.vaadin.server.communication.PushAtmosphereHandler mapped to context-path: /*
23-Dec-2025 14:43:02.683 INFO [main] org.atmosphere.cpr.AtmosphereFramework.addAtmosphereHandler Installed the following AtmosphereInterceptor mapped to AtmosphereHandler com.vaadin.server.communication.PushAtmosphereHandler
23-Dec-2025 14:43:02.689 INFO [main] org.atmosphere.cpr.AtmosphereFramework.autoConfigureService Atmosphere is using org.atmosphere.util.VoidAnnotationProcessor for processing annotation
23-Dec-2025 14:43:02.691 INFO [main] org.atmosphere.util.ForkJoinPool.<init> Using ForkJoinPool  java.util.concurrent.ForkJoinPool. Set the org.atmosphere.cpr.broadcaster.maxAsyncWriteThreads to -1 to fully use its power.
23-Dec-2025 14:43:02.692 INFO [main] org.atmosphere.cpr.AtmosphereFramework.initWebSocket Installed WebSocketProtocol org.atmosphere.websocket.protocol.SimpleHttpProtocol 
23-Dec-2025 14:43:02.698 INFO [main] org.atmosphere.cpr.AtmosphereFramework.configureAtmosphereInterceptor Installing Default AtmosphereInterceptors
23-Dec-2025 14:43:02.698 INFO [main] org.atmosphere.cpr.AtmosphereFramework.newAInterceptor 	org.atmosphere.interceptor.CorsInterceptor : CORS Interceptor Support
23-Dec-2025 14:43:02.699 INFO [main] org.atmosphere.cpr.AtmosphereFramework.newAInterceptor 	org.atmosphere.interceptor.CacheHeadersInterceptor : Default Response's Headers Interceptor
23-Dec-2025 14:43:02.699 INFO [main] org.atmosphere.cpr.AtmosphereFramework.newAInterceptor 	org.atmosphere.interceptor.PaddingAtmosphereInterceptor : Browser Padding Interceptor Support
23-Dec-2025 14:43:02.700 INFO [main] org.atmosphere.cpr.AtmosphereFramework.newAInterceptor 	org.atmosphere.interceptor.AndroidAtmosphereInterceptor : Android Interceptor Support
23-Dec-2025 14:43:02.700 INFO [main] org.atmosphere.cpr.AtmosphereFramework.newAInterceptor 	org.atmosphere.interceptor.HeartbeatInterceptor : Heartbeat Interceptor Support
23-Dec-2025 14:43:02.701 INFO [main] org.atmosphere.cpr.AtmosphereFramework.newAInterceptor 	org.atmosphere.interceptor.SSEAtmosphereInterceptor : SSE Interceptor Support
23-Dec-2025 14:43:02.701 INFO [main] org.atmosphere.cpr.AtmosphereFramework.newAInterceptor 	org.atmosphere.interceptor.JSONPAtmosphereInterceptor : JSONP Interceptor Support
23-Dec-2025 14:43:02.701 INFO [main] org.atmosphere.cpr.AtmosphereFramework.newAInterceptor 	org.atmosphere.interceptor.JavaScriptProtocol : Atmosphere JavaScript Protocol
23-Dec-2025 14:43:02.701 INFO [main] org.atmosphere.cpr.AtmosphereFramework.newAInterceptor 	org.atmosphere.interceptor.WebSocketMessageSuspendInterceptor : org.atmosphere.interceptor.WebSocketMessageSuspendInterceptor
23-Dec-2025 14:43:02.702 INFO [main] org.atmosphere.cpr.AtmosphereFramework.newAInterceptor 	org.atmosphere.interceptor.OnDisconnectInterceptor : Browser disconnection detection
23-Dec-2025 14:43:02.702 INFO [main] org.atmosphere.cpr.AtmosphereFramework.newAInterceptor 	org.atmosphere.interceptor.IdleResourceInterceptor : org.atmosphere.interceptor.IdleResourceInterceptor
23-Dec-2025 14:43:02.702 INFO [main] org.atmosphere.cpr.AtmosphereFramework.configureAtmosphereInterceptor Set org.atmosphere.cpr.AtmosphereInterceptor.disableDefaults to disable them.
23-Dec-2025 14:43:02.703 INFO [main] org.atmosphere.cpr.AtmosphereFramework.addInterceptorToAllWrappers Installed AtmosphereInterceptor CORS Interceptor Support with priority FIRST_BEFORE_DEFAULT 
23-Dec-2025 14:43:02.703 INFO [main] org.atmosphere.cpr.AtmosphereFramework.addInterceptorToAllWrappers Installed AtmosphereInterceptor Default Response's Headers Interceptor with priority AFTER_DEFAULT 
23-Dec-2025 14:43:02.703 INFO [main] org.atmosphere.cpr.AtmosphereFramework.addInterceptorToAllWrappers Installed AtmosphereInterceptor Browser Padding Interceptor Support with priority AFTER_DEFAULT 
23-Dec-2025 14:43:02.703 INFO [main] org.atmosphere.cpr.AtmosphereFramework.addInterceptorToAllWrappers Installed AtmosphereInterceptor Android Interceptor Support with priority AFTER_DEFAULT 
23-Dec-2025 14:43:02.703 INFO [main] org.atmosphere.interceptor.HeartbeatInterceptor.configure HeartbeatInterceptor configured with padding value 'X', client frequency 60 seconds and server frequency 0 seconds
23-Dec-2025 14:43:02.704 INFO [main] org.atmosphere.cpr.AtmosphereFramework.addInterceptorToAllWrappers Installed AtmosphereInterceptor Heartbeat Interceptor Support with priority AFTER_DEFAULT 
23-Dec-2025 14:43:02.704 INFO [main] org.atmosphere.cpr.AtmosphereFramework.addInterceptorToAllWrappers Installed AtmosphereInterceptor SSE Interceptor Support with priority AFTER_DEFAULT 
23-Dec-2025 14:43:02.704 INFO [main] org.atmosphere.cpr.AtmosphereFramework.addInterceptorToAllWrappers Installed AtmosphereInterceptor JSONP Interceptor Support with priority AFTER_DEFAULT 
23-Dec-2025 14:43:02.705 INFO [main] org.atmosphere.cpr.AtmosphereFramework.addInterceptorToAllWrappers Installed AtmosphereInterceptor Atmosphere JavaScript Protocol with priority AFTER_DEFAULT 
23-Dec-2025 14:43:02.705 INFO [main] org.atmosphere.cpr.AtmosphereFramework.addInterceptorToAllWrappers Installed AtmosphereInterceptor org.atmosphere.interceptor.WebSocketMessageSuspendInterceptor with priority AFTER_DEFAULT 
23-Dec-2025 14:43:02.705 INFO [main] org.atmosphere.cpr.AtmosphereFramework.addInterceptorToAllWrappers Installed AtmosphereInterceptor Browser disconnection detection with priority AFTER_DEFAULT 
23-Dec-2025 14:43:02.705 INFO [main] org.atmosphere.cpr.AtmosphereFramework.addInterceptorToAllWrappers Installed AtmosphereInterceptor org.atmosphere.interceptor.IdleResourceInterceptor with priority BEFORE_DEFAULT 
23-Dec-2025 14:43:02.706 INFO [main] org.atmosphere.cpr.AtmosphereFramework.info Using EndpointMapper class org.atmosphere.util.DefaultEndpointMapper
23-Dec-2025 14:43:02.706 INFO [main] org.atmosphere.cpr.AtmosphereFramework.info Using BroadcasterCache: org.atmosphere.cache.UUIDBroadcasterCache
23-Dec-2025 14:43:02.706 INFO [main] org.atmosphere.cpr.AtmosphereFramework.info Default Broadcaster Class: org.atmosphere.cpr.DefaultBroadcaster
23-Dec-2025 14:43:02.706 INFO [main] org.atmosphere.cpr.AtmosphereFramework.info Broadcaster Shared List Resources: false
23-Dec-2025 14:43:02.706 INFO [main] org.atmosphere.cpr.AtmosphereFramework.info Broadcaster Polling Wait Time 100
23-Dec-2025 14:43:02.706 INFO [main] org.atmosphere.cpr.AtmosphereFramework.info Shared ExecutorService supported: true
23-Dec-2025 14:43:02.707 INFO [main] org.atmosphere.cpr.AtmosphereFramework.info Messaging ExecutorService Pool Size unavailable - Not instance of ThreadPoolExecutor
23-Dec-2025 14:43:02.707 INFO [main] org.atmosphere.cpr.AtmosphereFramework.info Async I/O Thread Pool Size: 200
23-Dec-2025 14:43:02.707 INFO [main] org.atmosphere.cpr.AtmosphereFramework.info Using BroadcasterFactory: org.atmosphere.cpr.DefaultBroadcasterFactory
23-Dec-2025 14:43:02.707 INFO [main] org.atmosphere.cpr.AtmosphereFramework.info Using AtmosphereResurceFactory: org.atmosphere.cpr.DefaultAtmosphereResourceFactory
23-Dec-2025 14:43:02.707 INFO [main] org.atmosphere.cpr.AtmosphereFramework.info Using WebSocketProcessor: org.atmosphere.websocket.DefaultWebSocketProcessor
23-Dec-2025 14:43:02.707 INFO [main] org.atmosphere.cpr.AtmosphereFramework.info Invoke AtmosphereInterceptor on WebSocket message true
23-Dec-2025 14:43:02.708 INFO [main] org.atmosphere.cpr.AtmosphereFramework.info HttpSession supported: true
23-Dec-2025 14:43:02.708 INFO [main] org.atmosphere.cpr.AtmosphereFramework.info Atmosphere is using org.atmosphere.inject.InjectableObjectFactory for dependency injection and object creation
23-Dec-2025 14:43:02.708 INFO [main] org.atmosphere.cpr.AtmosphereFramework.info Atmosphere is using async support: org.atmosphere.container.Servlet30CometSupport running under container: Apache Tomcat/9.0.113 using javax.servlet/3.0
23-Dec-2025 14:43:02.708 INFO [main] org.atmosphere.cpr.AtmosphereFramework.info Atmosphere Framework 2.4.30.vaadin6 started.
23-Dec-2025 14:43:02.708 INFO [main] org.atmosphere.cpr.AtmosphereFramework.addInterceptorToAllWrappers Installed AtmosphereInterceptor  Track Message Size Interceptor using | with priority BEFORE_DEFAULT 
23-Dec-2025 14:43:02.736 INFO [main] org.apache.catalina.startup.HostConfig.deployDirectory Deployment of web application directory [C:\Users\dcorreia\Desktop\magnolia\.magnolia\apache-tomcat\webapps\magnoliaPublic] has finished in [81,084] ms
23-Dec-2025 14:43:02.737 INFO [main] org.apache.catalina.startup.HostConfig.deployDirectory Deploying web application directory [C:\Users\dcorreia\Desktop\magnolia\.magnolia\apache-tomcat\webapps\ROOT]
23-Dec-2025 14:43:02.774 INFO [main] org.apache.catalina.startup.HostConfig.deployDirectory Deployment of web application directory [C:\Users\dcorreia\Desktop\magnolia\.magnolia\apache-tomcat\webapps\ROOT] has finished in [37] ms
23-Dec-2025 14:43:02.781 INFO [main] org.apache.coyote.AbstractProtocol.start Starting ProtocolHandler ["http-nio-8080"]
23-Dec-2025 14:43:02.813 INFO [main] org.apache.catalina.startup.Catalina.start Server startup in [209294] milliseconds
23-Dec-2025 14:46:07.001 WARNING [Atmosphere-Shared-0] org.atmosphere.cpr.DefaultBroadcaster$2.run This message com.vaadin.server.communication.AtmospherePushConnection$PushMessage@267b900 will be lost for AtmosphereResource d25951c4-e8d8-4d4a-b1f9-a9dd9cfcbcf5, adding it to the BroadcasterCache
23-Dec-2025 14:46:07.002 WARNING [Atmosphere-Shared-0] org.atmosphere.cpr.DefaultBroadcaster$2.run Failed to execute a write operation for Broadcaster /*
	java.lang.IllegalStateException: The request object has been recycled and is no longer associated with this facade
		at org.apache.catalina.connector.RequestFacade.checkFacade(RequestFacade.java:853)
		at org.apache.catalina.connector.RequestFacade.removeAttribute(RequestFacade.java:416)
		at javax.servlet.ServletRequestWrapper.removeAttribute(ServletRequestWrapper.java:246)
		at javax.servlet.ServletRequestWrapper.removeAttribute(ServletRequestWrapper.java:246)
		at org.atmosphere.cpr.AtmosphereRequestImpl.removeAttribute(AtmosphereRequestImpl.java:663)
		at org.atmosphere.cpr.DefaultBroadcaster.executeAsyncWrite(DefaultBroadcaster.java:912)
		at org.atmosphere.cpr.DefaultBroadcaster$2.run(DefaultBroadcaster.java:474)
		at java.base/java.util.concurrent.Executors$RunnableAdapter.call(Executors.java:572)
		at java.base/java.util.concurrent.FutureTask.run(FutureTask.java:317)
		at java.base/java.util.concurrent.ThreadPoolExecutor.runWorker(ThreadPoolExecutor.java:1144)
		at java.base/java.util.concurrent.ThreadPoolExecutor$Worker.run(ThreadPoolExecutor.java:642)
		at java.base/java.lang.Thread.run(Thread.java:1583)
23-Dec-2025 14:49:24.889 INFO [main] org.apache.catalina.core.StandardServer.await A valid shutdown command was received via the shutdown port. Stopping the Server instance.
23-Dec-2025 14:49:24.889 INFO [main] org.apache.coyote.AbstractProtocol.pause Pausing ProtocolHandler ["http-nio-8080"]
23-Dec-2025 14:49:24.903 INFO [main] org.apache.catalina.core.StandardService.stopInternal Stopping service [Catalina]
23-Dec-2025 14:49:29.922 WARNING [main] org.apache.catalina.loader.WebappClassLoaderBase.clearReferencesThreads The web application [magnoliaAuthor] appears to have started a thread named [TrackedEventListener-Timer] but has failed to stop it. This is very likely to create a memory leak. Stack trace of thread:
 java.base/java.lang.Object.wait0(Native Method)
 java.base/java.lang.Object.wait(Object.java:366)
 java.base/java.util.TimerThread.mainLoop(Timer.java:563)
 java.base/java.util.TimerThread.run(Timer.java:516)
23-Dec-2025 14:49:29.922 WARNING [main] org.apache.catalina.loader.WebappClassLoaderBase.clearReferencesThreads The web application [magnoliaAuthor] appears to have started a thread named [Transient File Reaper] but has failed to stop it. This is very likely to create a memory leak. Stack trace of thread:
 java.base/jdk.internal.misc.Unsafe.park(Native Method)
 java.base/java.util.concurrent.locks.LockSupport.park(LockSupport.java:371)
 java.base/java.util.concurrent.locks.AbstractQueuedSynchronizer$ConditionNode.block(AbstractQueuedSynchronizer.java:519)
 java.base/java.util.concurrent.ForkJoinPool.unmanagedBlock(ForkJoinPool.java:3780)
 java.base/java.util.concurrent.ForkJoinPool.managedBlock(ForkJoinPool.java:3725)
 java.base/java.util.concurrent.locks.AbstractQueuedSynchronizer$ConditionObject.await(AbstractQueuedSynchronizer.java:1712)
 java.base/java.lang.ref.ReferenceQueue.await(ReferenceQueue.java:67)
 java.base/java.lang.ref.ReferenceQueue.remove0(ReferenceQueue.java:158)
 java.base/java.lang.ref.ReferenceQueue.remove(ReferenceQueue.java:234)
 org.apache.jackrabbit.util.TransientFileFactory$ReaperThread.run(TransientFileFactory.java:192)
23-Dec-2025 14:49:29.922 SEVERE [main] org.apache.catalina.loader.WebappClassLoaderBase.checkThreadLocalMapForLeaks The web application [magnoliaAuthor] created a ThreadLocal with key of type [java.lang.ThreadLocal.SuppliedThreadLocal] (value [java.lang.ThreadLocal$SuppliedThreadLocal@5886c76a]) and a value of type [com.oracle.truffle.api.impl.ThreadLocalHandshake.TruffleSafepointImpl] (value [com.oracle.truffle.api.impl.ThreadLocalHandshake$TruffleSafepointImpl@70162606]) but failed to remove it when the web application was stopped. Threads are going to be renewed over time to try and avoid a probable memory leak.
23-Dec-2025 14:49:32.089 WARNING [main] org.apache.catalina.loader.WebappClassLoaderBase.clearReferencesThreads The web application [magnoliaPublic] appears to have started a thread named [TrackedEventListener-Timer] but has failed to stop it. This is very likely to create a memory leak. Stack trace of thread:
 java.base/java.lang.Object.wait0(Native Method)
 java.base/java.lang.Object.wait(Object.java:366)
 java.base/java.util.TimerThread.mainLoop(Timer.java:563)
 java.base/java.util.TimerThread.run(Timer.java:516)
23-Dec-2025 14:49:32.091 WARNING [main] org.apache.catalina.loader.WebappClassLoaderBase.clearReferencesThreads The web application [magnoliaPublic] appears to have started a thread named [Transient File Reaper] but has failed to stop it. This is very likely to create a memory leak. Stack trace of thread:
 java.base/jdk.internal.misc.Unsafe.park(Native Method)
 java.base/java.util.concurrent.locks.LockSupport.park(LockSupport.java:371)
 java.base/java.util.concurrent.locks.AbstractQueuedSynchronizer$ConditionNode.block(AbstractQueuedSynchronizer.java:519)
 java.base/java.util.concurrent.ForkJoinPool.unmanagedBlock(ForkJoinPool.java:3780)
 java.base/java.util.concurrent.ForkJoinPool.managedBlock(ForkJoinPool.java:3725)
 java.base/java.util.concurrent.locks.AbstractQueuedSynchronizer$ConditionObject.await(AbstractQueuedSynchronizer.java:1712)
 java.base/java.lang.ref.ReferenceQueue.await(ReferenceQueue.java:67)
 java.base/java.lang.ref.ReferenceQueue.remove0(ReferenceQueue.java:158)
 java.base/java.lang.ref.ReferenceQueue.remove(ReferenceQueue.java:234)
 org.apache.jackrabbit.util.TransientFileFactory$ReaperThread.run(TransientFileFactory.java:192)
23-Dec-2025 14:49:32.092 SEVERE [main] org.apache.catalina.loader.WebappClassLoaderBase.checkThreadLocalMapForLeaks The web application [magnoliaPublic] created a ThreadLocal with key of type [java.lang.ThreadLocal.SuppliedThreadLocal] (value [java.lang.ThreadLocal$SuppliedThreadLocal@5b68689e]) and a value of type [com.oracle.truffle.api.impl.ThreadLocalHandshake.TruffleSafepointImpl] (value [com.oracle.truffle.api.impl.ThreadLocalHandshake$TruffleSafepointImpl@692bc40d]) but failed to remove it when the web application was stopped. Threads are going to be renewed over time to try and avoid a probable memory leak.
23-Dec-2025 14:49:32.116 INFO [main] org.apache.coyote.AbstractProtocol.stop Stopping ProtocolHandler ["http-nio-8080"]
23-Dec-2025 14:49:32.124 INFO [main] org.apache.coyote.AbstractProtocol.destroy Destroying ProtocolHandler ["http-nio-8080"]
